<?xml version="1.0" encoding="UTF-8"?>
<testsuite xmlns:xsi="http://www.w3.org/2001/XMLSchema-instance" xsi:noNamespaceSchemaLocation="https://maven.apache.org/surefire/maven-surefire-plugin/xsd/surefire-test-report.xsd" name="co.edu.unicauca.openmarket.domain.service.ProductServiceTest" time="1.167" tests="21" errors="0" skipped="0" failures="0">
  <properties>
[...]
</properties>
  <testcase name="testFindProductByNameNoResult" classname="co.edu.unicauca.openmarket.domain.service.ProductServiceTest" time="0.065"/>
  <testcase name="testFindProductByNameOneResult" classname="co.edu.unicauca.openmarket.domain.service.ProductServiceTest" time="0.05"/>
  <testcase name="testSaveProductEmptyName" classname="co.edu.unicauca.openmarket.domain.service.ProductServiceTest" time="0.028"/>
  <testcase name="testFindProductByCategoryNoResult" classname="co.edu.unicauca.openmarket.domain.service.ProductServiceTest" time="0.057"/>
  <testcase name="testFindProductByIdSuccesfull" classname="co.edu.unicauca.openmarket.domain.service.ProductServiceTest" time="0.038"/>
  <testcase name="testEditProductNegativeId" classname="co.edu.unicauca.openmarket.domain.service.ProductServiceTest" time="0.038"/>
  <testcase name="testEditProductNotFound" classname="co.edu.unicauca.openmarket.domain.service.ProductServiceTest" time="0.047"/>
  <testcase name="testEditProductNull" classname="co.edu.unicauca.openmarket.domain.service.ProductServiceTest" time="0.038"/>
  <testcase name="testEditProductEmptyName" classname="co.edu.unicauca.openmarket.domain.service.ProductServiceTest" time="0.042"/>
  <testcase name="testDeleteProductSuccesfull" classname="co.edu.unicauca.openmarket.domain.service.ProductServiceTest" time="0.046"/>
  <testcase name="testFindProductByNameMultResult" classname="co.edu.unicauca.openmarket.domain.service.ProductServiceTest" time="0.057"/>
  <testcase name="testFindProductByCategoryMultResult" classname="co.edu.unicauca.openmarket.domain.service.ProductServiceTest" time="0.065"/>
  <testcase name="testSaveProductEmptyDescription" classname="co.edu.unicauca.openmarket.domain.service.ProductServiceTest" time="0.04"/>
  <testcase name="testFindProductByCategoryOneResult" classname="co.edu.unicauca.openmarket.domain.service.ProductServiceTest" time="0.064"/>
  <testcase name="testFindAllProductsSuccesfull" classname="co.edu.unicauca.openmarket.domain.service.ProductServiceTest" time="0.059"/>
  <testcase name="testFindProductByIdNotFound" classname="co.edu.unicauca.openmarket.domain.service.ProductServiceTest" time="0.034"/>
  <testcase name="testDeleteProductNegativeId" classname="co.edu.unicauca.openmarket.domain.service.ProductServiceTest" time="0.026"/>
  <testcase name="testDeleteProductNotFound" classname="co.edu.unicauca.openmarket.domain.service.ProductServiceTest" time="0.032"/>
  <testcase name="testFindAllProductsEmpty" classname="co.edu.unicauca.openmarket.domain.service.ProductServiceTest" time="0.029"/>
  <testcase name="testSaveProductSuccesfull" classname="co.edu.unicauca.openmarket.domain.service.ProductServiceTest" time="0.036"/>
  <testcase name="testEditProductSuccesfull" classname="co.edu.unicauca.openmarket.domain.service.ProductServiceTest" time="0.046"/>
</testsuite>